Traceback (most recent call last):
Traceback (most recent call last):
Traceback (most recent call last):
Traceback (most recent call last):
  File "/home/m/mannan2/hckth/project/train.py", line 1, in <module>
  File "/home/m/mannan2/hckth/project/train.py", line 1, in <module>
  File "/home/m/mannan2/hckth/project/train.py", line 1, in <module>
  File "/home/m/mannan2/hckth/project/train.py", line 1, in <module>
srun: error: GPU20: task 0: Exited with exit code 1
srun: error: GPU20: task 0: Exited with exit code 1
srun: error: GPU20: task 0: Exited with exit code 1
srun: error: GPU20: task 0: Exited with exit code 1
    from datasets import load_dataset
ModuleNotFoundError: No module named 'datasets'
    from datasets import load_dataset
ModuleNotFoundError: No module named 'datasets'
    from datasets import load_dataset
ModuleNotFoundError: No module named 'datasets'
    from datasets import load_dataset
ModuleNotFoundError: No module named 'datasets'
