Traceback (most recent call last):
  File "/home/m/mannan2/hckth/project/train.py", line 2, in <module>
Traceback (most recent call last):
  File "/home/m/mannan2/hckth/project/train.py", line 2, in <module>
Traceback (most recent call last):
  File "/home/m/mannan2/hckth/project/train.py", line 2, in <module>
Traceback (most recent call last):
  File "/home/m/mannan2/hckth/project/train.py", line 2, in <module>
    from sentence_transformers import SentenceTransformer
    from sentence_transformers import SentenceTransformer
ModuleNotFoundError: No module named 'sentence_transformers'
ModuleNotFoundError: No module named 'sentence_transformers'
    from sentence_transformers import SentenceTransformer
ModuleNotFoundError: No module named 'sentence_transformers'
    from sentence_transformers import SentenceTransformer
ModuleNotFoundError: No module named 'sentence_transformers'
srun: error: GPU20: task 0: Exited with exit code 1
srun: error: GPU20: task 0: Exited with exit code 1
srun: error: GPU20: task 0: Exited with exit code 1
srun: error: GPU20: task 0: Exited with exit code 1
